[2026-04-09 17:54:26] === Jarvis Watchdog запущен ===
[2026-04-09 17:54:26] Скрипт: C:\st8-workspace\jarvis.py
[2026-04-09 17:54:26] Запуск Jarvis (попытка #1)...
[2026-04-09 17:54:27] Jarvis завершился. Код: 0, работал: 1.8 сек
[2026-04-09 17:54:27] Jarvis завершился нормально (код 0). Watchdog останавливается.
[2026-04-09 17:54:27] === Watchdog: достигнут лимит перезапусков. Остановка. ===
[2026-04-09 17:54:55] === Jarvis Watchdog запущен ===
[2026-04-09 17:54:55] Скрипт: C:\st8-workspace\jarvis.py
[2026-04-09 17:54:55] Запуск Jarvis (попытка #1)...
[2026-04-09 17:54:56] Jarvis завершился. Код: 0, работал: 1.3 сек
[2026-04-09 17:54:56] Jarvis завершился нормально (код 0). Watchdog останавливается.
[2026-04-09 17:54:56] === Watchdog: достигнут лимит перезапусков. Остановка. ===
[2026-04-09 17:58:08] === Jarvis Watchdog запущен ===
[2026-04-09 17:58:08] Скрипт: C:\st8-workspace\jarvis.py
[2026-04-09 17:58:08] Запуск Jarvis (попытка #1)...
[2026-04-09 18:02:39] Jarvis завершился. Код: 4294967295, работал: 271.5 сек
[2026-04-09 18:02:39] Перезапуск через 10 сек...
[2026-04-09 18:02:44] === Jarvis Watchdog запущен ===
[2026-04-09 18:02:44] Скрипт: C:\st8-workspace\jarvis.py
[2026-04-09 18:02:44] Запуск Jarvis (попытка #1)...
[2026-04-09 18:08:40] === Jarvis Watchdog запущен ===
[2026-04-09 18:08:40] Скрипт: C:\st8-workspace\jarvis.py
[2026-04-09 18:08:40] Запуск Jarvis (попытка #1)...
[2026-04-09 22:07:02] === Jarvis Watchdog запущен ===
[2026-04-09 22:07:02] Скрипт: C:\st8-workspace\jarvis.py
[2026-04-09 22:07:02] Запуск Jarvis (попытка #1)...
[2026-04-09 22:08:43] === Jarvis Watchdog запущен ===
[2026-04-09 22:08:43] Скрипт: C:\st8-workspace\jarvis.py
[2026-04-09 22:08:43] Запуск Jarvis (попытка #1)...
[2026-04-11 08:34:01] === Jarvis Watchdog запущен ===
[2026-04-11 08:34:01] Скрипт: C:\st8-workspace\jarvis.py
[2026-04-11 08:34:01] Запуск Jarvis (попытка #1)...
[2026-04-11 08:34:11] === Jarvis Watchdog запущен ===
[2026-04-11 08:34:11] Скрипт: C:\st8-workspace\jarvis.py
[2026-04-11 08:34:11] Запуск Jarvis (попытка #1)...
[2026-04-11 08:34:27] Jarvis завершился. Код: 3221225786, работал: 16.1 сек
[2026-04-11 12:15:28] === Jarvis Watchdog запущен ===
[2026-04-11 12:15:28] Скрипт: C:\st8-workspace\jarvis.py
[2026-04-11 12:15:28] Запуск Jarvis (попытка #1)...
[2026-04-11 12:22:51] === Jarvis Watchdog запущен ===
[2026-04-11 12:22:51] Скрипт: C:\st8-workspace\jarvis.py
[2026-04-11 12:22:51] Запуск Jarvis (попытка #1)...
[2026-04-11 13:44:42] === Jarvis Watchdog запущен ===
[2026-04-11 13:44:42] Скрипт: C:\st8-workspace\jarvis.py
[2026-04-11 13:44:42] Запуск Jarvis (попытка #1)...
[2026-04-11 13:44:52] === Jarvis Watchdog запущен ===
[2026-04-11 13:44:52] Скрипт: C:\st8-workspace\jarvis.py
[2026-04-11 13:44:52] Запуск Jarvis (попытка #1)...
[2026-04-11 13:52:29] === Jarvis Watchdog запущен ===
[2026-04-11 13:52:29] Скрипт: C:\st8-workspace\jarvis.py
[2026-04-11 13:52:29] Запуск Jarvis (попытка #1)...
[2026-04-11 21:26:32] === Jarvis Watchdog запущен ===
[2026-04-11 21:26:32] Скрипт: C:\st8-workspace\jarvis.py
[2026-04-11 21:26:32] Запуск Jarvis (попытка #1)...
[2026-04-12 10:47:17] === Jarvis Watchdog запущен ===
[2026-04-12 10:47:17] Скрипт: C:\st8-workspace\jarvis.py
[2026-04-12 10:47:17] Запуск Jarvis (попытка #1)...
[2026-04-12 10:49:17] === Jarvis Watchdog запущен ===
[2026-04-12 10:49:17] Скрипт: C:\st8-workspace\jarvis.py
[2026-04-12 10:49:17] Запуск Jarvis (попытка #1)...
[2026-04-12 10:52:33] === Jarvis Watchdog запущен ===
[2026-04-12 10:52:33] Скрипт: C:\st8-workspace\jarvis.py
[2026-04-12 10:52:33] Запуск Jarvis (попытка #1)...
[2026-04-12 10:55:41] === Jarvis Watchdog запущен ===
[2026-04-12 10:55:41] Скрипт: C:\st8-workspace\jarvis.py
[2026-04-12 10:55:41] Запуск Jarvis (попытка #1)...
[2026-04-12 10:55:43] Jarvis завершился. Код: 1, работал: 1.9 сек
[2026-04-12 10:55:43] Быстрый крэш #1 (упал за 1.9 сек)
[2026-04-12 10:55:43] Перезапуск через 10 сек...
[2026-04-12 10:55:53] Запуск Jarvis (попытка #2)...
[2026-04-12 10:55:55] Jarvis завершился. Код: 1, работал: 1.2 сек
[2026-04-12 10:55:55] Быстрый крэш #2 (упал за 1.2 сек)
[2026-04-12 10:55:55] Перезапуск через 10 сек...
[2026-04-12 10:56:05] Запуск Jarvis (попытка #3)...
[2026-04-12 10:56:06] Jarvis завершился. Код: 1, работал: 1.2 сек
[2026-04-12 10:56:06] Быстрый крэш #3 (упал за 1.2 сек)
[2026-04-12 10:56:06] Перезапуск через 10 сек...
[2026-04-12 10:56:16] Запуск Jarvis (попытка #4)...
[2026-04-12 10:56:17] Jarvis завершился. Код: 1, работал: 1.3 сек
[2026-04-12 10:56:17] Быстрый крэш #4 (упал за 1.3 сек)
[2026-04-12 10:56:17] Перезапуск через 10 сек...
[2026-04-12 10:56:27] Запуск Jarvis (попытка #5)...
[2026-04-12 10:56:55] === Jarvis Watchdog запущен ===
[2026-04-12 10:56:55] Скрипт: C:\st8-workspace\jarvis.py
[2026-04-12 10:56:55] Запуск Jarvis (попытка #1)...
[2026-04-12 11:02:52] Jarvis завершился. Код: 4294967295, работал: 356.6 сек
[2026-04-12 11:02:52] Перезапуск через 10 сек...
[2026-04-12 11:03:02] Запуск Jarvis (попытка #2)...
[2026-04-12 11:10:19] Jarvis завершился. Код: 4294967295, работал: 437.1 сек
[2026-04-12 11:10:19] Перезапуск через 10 сек...
[2026-04-12 11:10:29] Запуск Jarvis (попытка #3)...
[2026-04-12 11:12:47] Jarvis завершился. Код: 4294967295, работал: 138.7 сек
[2026-04-12 11:12:47] Перезапуск через 10 сек...
[2026-04-12 11:12:57] Запуск Jarvis (попытка #4)...
[2026-04-12 11:17:40] Jarvis завершился. Код: 4294967295, работал: 282.9 сек
[2026-04-12 11:17:40] Перезапуск через 10 сек...
[2026-04-12 11:17:50] Запуск Jarvis (попытка #5)...
[2026-04-12 11:21:18] Jarvis завершился. Код: 4294967295, работал: 207.6 сек
[2026-04-12 11:21:18] Перезапуск через 10 сек...
[2026-04-12 11:21:28] Запуск Jarvis (попытка #6)...
[2026-04-12 11:24:08] Jarvis завершился. Код: 4294967295, работал: 160.3 сек
[2026-04-12 11:24:08] Перезапуск через 10 сек...
[2026-04-12 11:24:18] Запуск Jarvis (попытка #7)...
[2026-04-12 11:27:57] Jarvis завершился. Код: 4294967295, работал: 219.3 сек
[2026-04-12 11:27:57] Перезапуск через 10 сек...
[2026-04-12 11:28:07] Запуск Jarvis (попытка #8)...
[2026-04-12 12:11:41] === Jarvis Watchdog запущен ===
[2026-04-12 12:11:41] Скрипт: C:\st8-workspace\jarvis.py
[2026-04-12 12:11:41] Запуск Jarvis (попытка #1)...
[2026-04-12 12:12:19] Jarvis завершился. Код: 4294967295, работал: 2651.6 сек
[2026-04-12 12:12:19] Перезапуск через 10 сек...
[2026-04-12 12:12:27] === Jarvis Watchdog запущен ===
[2026-04-12 12:12:27] Скрипт: C:\st8-workspace\jarvis.py
[2026-04-12 12:12:27] Запуск Jarvis (попытка #1)...
[2026-04-12 12:57:02] === Jarvis Watchdog запущен ===
[2026-04-12 12:57:02] Скрипт: C:\st8-workspace\jarvis.py
[2026-04-12 12:57:02] Запуск Jarvis (попытка #1)...
[2026-04-12 13:17:29] === Jarvis Watchdog запущен ===
[2026-04-12 13:17:29] Скрипт: C:\st8-workspace\jarvis.py
[2026-04-12 13:17:29] Запуск Jarvis (попытка #1)...
[2026-04-12 13:23:43] Jarvis завершился. Код: 4294967295, работал: 374.2 сек
[2026-04-12 13:23:43] Перезапуск через 10 сек...
[2026-04-12 13:24:16] === Jarvis Watchdog запущен ===
[2026-04-12 13:24:16] Скрипт: C:\st8-workspace\jarvis.py
[2026-04-12 13:24:16] Запуск Jarvis (попытка #1)...
[2026-04-12 15:45:32] === Jarvis Watchdog запущен ===
[2026-04-12 15:45:32] Скрипт: C:\st8-workspace\jarvis.py
[2026-04-12 15:45:32] Запуск Jarvis (попытка #1)...
[2026-04-15 07:04:30] === Jarvis Watchdog запущен ===
[2026-04-15 07:04:30] Скрипт: C:\st8-workspace\jarvis.py
[2026-04-15 07:04:30] Запуск Jarvis (попытка #1)...
